<?xml version="1.0" encoding="UTF-8"?>
<!-- Generated by org.testng.reporters.JUnitReportReporter -->
<testsuite hostname="MININT-DPNQ1NL" failures="0" tests="4" name="TestLayer.MultipleUsers" time="28.692" errors="0" timestamp="2021-10-19T22:35:52 IST" skipped="0">
  <testcase classname="TestLayer.MultipleUsers" name="validateMultipleUsers" time="7.239"/>
  <system-out/>
  <testcase classname="TestLayer.MultipleUsers" name="validateMultipleUsers" time="5.960"/>
  <system-out/>
  <testcase classname="TestLayer.MultipleUsers" name="validateMultipleUsers" time="7.944"/>
  <system-out/>
  <testcase classname="TestLayer.MultipleUsers" name="validateMultipleUsers" time="7.549"/>
  <system-out/>
</testsuite> <!-- TestLayer.MultipleUsers -->
